<?xml version="1.0" encoding="UTF-8"?>
<!-- Generated by org.testng.reporters.JUnitReportReporter -->
<testsuite hostname="DESKTOP-151NQ9B" failures="0" tests="1" name="driverFactory.AppTest" time="103.568" errors="0" timestamp="2024-05-08T23:38:52 IST" skipped="0">
  <testcase classname="driverFactory.AppTest" name="startTest" time="103.568">
    <system-out>
      <![CDATA[No of rows are::5
Customer-00000005595=================Customer-00000005595
Customer-00000005596=================Customer-00000005596
Customer-00000005597=================Customer-00000005597
Customer-00000005598=================Customer-00000005598
Customer-00000005599=================Customer-00000005599]]>
    </system-out>
  </testcase> <!-- startTest -->
  <system-out>
    <![CDATA[No of rows are::5
Customer-00000005595=================Customer-00000005595
Customer-00000005596=================Customer-00000005596
Customer-00000005597=================Customer-00000005597
Customer-00000005598=================Customer-00000005598
Customer-00000005599=================Customer-00000005599]]>
  </system-out>
</testsuite> <!-- driverFactory.AppTest -->
